#
# There is insufficient memory for the Java Runtime Environment to continue.
# Native memory allocation (malloc) failed to allocate 197136 bytes. Error detail: Chunk::new
# Possible reasons:
#   The system is out of physical RAM or swap space
#   This process is running with CompressedOops enabled, and the Java Heap may be blocking the growth of the native heap
# Possible solutions:
#   Reduce memory load on the system
#   Increase physical memory or swap space
#   Check if swap backing store is full
#   Decrease Java heap size (-Xmx/-Xms)
#   Decrease number of Java threads
#   Decrease Java thread stack sizes (-Xss)
#   Set larger code cache with -XX:ReservedCodeCacheSize=
#   JVM is running with Unscaled Compressed Oops mode in which the Java heap is
#     placed in the first 4GB address space. The Java Heap base address is the
#     maximum limit for the native heap growth. Please use -XX:HeapBaseMinAddress
#     to set the Java Heap base and to place the Java Heap above 4GB virtual address.
# This output file may be truncated or incomplete.
#
#  Out of Memory Error (arena.cpp:191), pid=24324, tid=32548
#
# JRE version: OpenJDK Runtime Environment Temurin-17.0.18+8 (17.0.18+8) (build 17.0.18+8)
# Java VM: OpenJDK 64-Bit Server VM Temurin-17.0.18+8 (17.0.18+8, mixed mode, sharing, tiered, compressed oops, compressed class ptrs, g1 gc, windows-amd64)
# No core dump will be written. Minidumps are not enabled by default on client versions of Windows
#

---------------  S U M M A R Y ------------

Command Line: -Dfile.encoding=UTF-8 -Duser.country=PH -Duser.language=en -Duser.variant com.ws101.fortuna.EcommerceApi.EcommerceApiApplication

Host: 11th Gen Intel(R) Core(TM) i5-1155G7 @ 2.50GHz, 8 cores, 7G,  Windows 11 , 64 bit Build 22621 (10.0.22621.4391)
Time: Thu Apr 30 17:32:55 2026 Malay Peninsula Standard Time elapsed time: 3.953431 seconds (0d 0h 0m 3s)

---------------  T H R E A D  ---------------

Current thread (0x0000016d7fd5b180):  JavaThread "C2 CompilerThread0" daemon [_thread_in_native, id=32548, stack(0x0000001a9a800000,0x0000001a9a900000)]


Current CompileTask:
C2:3953 1506       4       java.util.HashMap::putVal (300 bytes)

Stack: [0x0000001a9a800000,0x0000001a9a900000]
Native frames: (J=compiled Java code, j=interpreted, Vv=VM code, C=native code)
V  [jvm.dll+0x6846f9]
V  [jvm.dll+0x839ea5]
V  [jvm.dll+0x83b91e]
V  [jvm.dll+0x83bfa3]
V  [jvm.dll+0x248eff]
V  [jvm.dll+0xad496]
V  [jvm.dll+0xadb3c]
V  [jvm.dll+0x368bcf]
V  [jvm.dll+0x333055]
V  [jvm.dll+0x3324ba]
V  [jvm.dll+0x219db9]
V  [jvm.dll+0x219200]
V  [jvm.dll+0x1a4920]
V  [jvm.dll+0x22989a]
V  [jvm.dll+0x227a4b]
V  [jvm.dll+0x7f0658]
V  [jvm.dll+0x7eaaec]
V  [jvm.dll+0x6835c7]
C  [ucrtbase.dll+0x29333]
C  [KERNEL32.DLL+0x1259d]
C  [ntdll.dll+0x5af38]


---------------  P R O C E S S  ---------------

Threads class SMR info:
_java_thread_list=0x0000016d16c95a50, length=12, elements={
0x0000016d7851b410, 0x0000016d7fd3ee10, 0x0000016d7fd40170, 0x0000016d7fd54380,
0x0000016d7fd54f40, 0x0000016d7fd59a20, 0x0000016d7fd5a3e0, 0x0000016d7fd5b180,
0x0000016d7fd5bc30, 0x0000016d7fd5d550, 0x0000016d16cb5cb0, 0x0000016d7fd9d150
}

Java Threads: ( => current thread )
  0x0000016d7851b410 JavaThread "main" [_thread_in_vm, id=27736, stack(0x0000001a99b00000,0x0000001a99c00000)]
  0x0000016d7fd3ee10 JavaThread "Reference Handler" daemon [_thread_blocked, id=4212, stack(0x0000001a9a200000,0x0000001a9a300000)]
  0x0000016d7fd40170 JavaThread "Finalizer" daemon [_thread_blocked, id=2292, stack(0x0000001a9a300000,0x0000001a9a400000)]
  0x0000016d7fd54380 JavaThread "Signal Dispatcher" daemon [_thread_blocked, id=8136, stack(0x0000001a9a400000,0x0000001a9a500000)]
  0x0000016d7fd54f40 JavaThread "Attach Listener" daemon [_thread_blocked, id=19808, stack(0x0000001a9a500000,0x0000001a9a600000)]
  0x0000016d7fd59a20 JavaThread "Service Thread" daemon [_thread_blocked, id=20664, stack(0x0000001a9a600000,0x0000001a9a700000)]
  0x0000016d7fd5a3e0 JavaThread "Monitor Deflation Thread" daemon [_thread_blocked, id=1624, stack(0x0000001a9a700000,0x0000001a9a800000)]
=>0x0000016d7fd5b180 JavaThread "C2 CompilerThread0" daemon [_thread_in_native, id=32548, stack(0x0000001a9a800000,0x0000001a9a900000)]
  0x0000016d7fd5bc30 JavaThread "C1 CompilerThread0" daemon [_thread_in_native, id=29500, stack(0x0000001a9a900000,0x0000001a9aa00000)]
  0x0000016d7fd5d550 JavaThread "Sweeper thread" daemon [_thread_blocked, id=28580, stack(0x0000001a9aa00000,0x0000001a9ab00000)]
  0x0000016d16cb5cb0 JavaThread "Notification Thread" daemon [_thread_blocked, id=18284, stack(0x0000001a9ab00000,0x0000001a9ac00000)]
  0x0000016d7fd9d150 JavaThread "Common-Cleaner" daemon [_thread_blocked, id=24712, stack(0x0000001a9ad00000,0x0000001a9ae00000)]

Other Threads:
  0x0000016d7fd39d30 VMThread "VM Thread" [stack: 0x0000001a9a100000,0x0000001a9a200000] [id=24304]
  0x0000016d16cb85b0 WatcherThread [stack: 0x0000001a9ac00000,0x0000001a9ad00000] [id=16848]
  0x0000016d78575b10 GCTaskThread "GC Thread#0" [stack: 0x0000001a99c00000,0x0000001a99d00000] [id=25096]
  0x0000016d5c5edb60 GCTaskThread "GC Thread#1" [stack: 0x0000001a9ae00000,0x0000001a9af00000] [id=25308]
  0x0000016d5c5ede20 GCTaskThread "GC Thread#2" [stack: 0x0000001a9af00000,0x0000001a9b000000] [id=19056]
  0x0000016d5c7a3190 GCTaskThread "GC Thread#3" [stack: 0x0000001a9b000000,0x0000001a9b100000] [id=32004]
  0x0000016d5c7a3450 GCTaskThread "GC Thread#4" [stack: 0x0000001a9b100000,0x0000001a9b200000] [id=22780]
  0x0000016d5c7a3710 GCTaskThread "GC Thread#5" [stack: 0x0000001a9b200000,0x0000001a9b300000] [id=2336]
  0x0000016d785863b0 ConcurrentGCThread "G1 Main Marker" [stack: 0x0000001a99d00000,0x0000001a99e00000] [id=30584]
  0x0000016d78586dd0 ConcurrentGCThread "G1 Conc#0" [stack: 0x0000001a99e00000,0x0000001a99f00000] [id=2516]
  0x0000016d7fbf0110 ConcurrentGCThread "G1 Refine#0" [stack: 0x0000001a99f00000,0x0000001a9a000000] [id=4200]
  0x0000016d7fbf0950 ConcurrentGCThread "G1 Service" [stack: 0x0000001a9a000000,0x0000001a9a100000] [id=32304]

Threads with active compile tasks:
C2 CompilerThread0  3997 1506       4       java.util.HashMap::putVal (300 bytes)

VM state: not at safepoint (normal execution)

VM Mutex/Monitor currently owned by a thread: None

Heap address: 0x0000000083600000, size: 1994 MB, Compressed Oops mode: 32-bit

CDS archive(s) mapped at: [0x0000016d17000000-0x0000016d17bb0000-0x0000016d17bb0000), size 12255232, SharedBaseAddress: 0x0000016d17000000, ArchiveRelocationMode: 1.
Compressed class space mapped at: 0x0000016d18000000-0x0000016d58000000, reserved size: 1073741824
Narrow klass base: 0x0000016d17000000, Narrow klass shift: 0, Narrow klass range: 0x100000000

GC Precious Log:
 CPUs: 8 total, 8 available
 Memory: 7971M
 Large Page Support: Disabled
 NUMA Support: Disabled
 Compressed Oops: Enabled (32-bit)
 Heap Region Size: 1M
 Heap Min Capacity: 8M
 Heap Initial Capacity: 126M
 Heap Max Capacity: 1994M
 Pre-touch: Disabled
 Parallel Workers: 8
 Concurrent Workers: 2
 Concurrent Refinement Workers: 8
 Periodic GC: Disabled

Heap:
 garbage-first heap   total 129024K, used 18671K [0x0000000083600000, 0x0000000100000000)
  region size 1024K, 15 young (15360K), 3 survivors (3072K)
 Metaspace       used 8339K, committed 8640K, reserved 1114112K
  class space    used 1043K, committed 1152K, reserved 1048576K

Heap Regions: E=young(eden), S=young(survivor), O=old, HS=humongous(starts), HC=humongous(continues), CS=collection set, F=free, OA=open archive, CA=closed archive, TAMS=top-at-mark-start (previous, next)
|   0|0x0000000083600000, 0x0000000083700000, 0x0000000083700000|100%|HS|  |TAMS 0x0000000083600000, 0x0000000083600000| Complete 
|   1|0x0000000083700000, 0x0000000083800000, 0x0000000083800000|100%|HS|  |TAMS 0x0000000083700000, 0x0000000083700000| Complete 
|   2|0x0000000083800000, 0x0000000083900000, 0x0000000083900000|100%| O|  |TAMS 0x0000000083800000, 0x0000000083800000| Untracked 
|   3|0x0000000083900000, 0x0000000083a00000, 0x0000000083a00000|100%| O|  |TAMS 0x0000000083900000, 0x0000000083900000| Untracked 
|   4|0x0000000083a00000, 0x0000000083a3bc00, 0x0000000083b00000| 23%| O|  |TAMS 0x0000000083a00000, 0x0000000083a00000| Untracked 
|   5|0x0000000083b00000, 0x0000000083b00000, 0x0000000083c00000|  0%| F|  |TAMS 0x0000000083b00000, 0x0000000083b00000| Untracked 
|   6|0x0000000083c00000, 0x0000000083c00000, 0x0000000083d00000|  0%| F|  |TAMS 0x0000000083c00000, 0x0000000083c00000| Untracked 
|   7|0x0000000083d00000, 0x0000000083d00000, 0x0000000083e00000|  0%| F|  |TAMS 0x0000000083d00000, 0x0000000083d00000| Untracked 
|   8|0x0000000083e00000, 0x0000000083e00000, 0x0000000083f00000|  0%| F|  |TAMS 0x0000000083e00000, 0x0000000083e00000| Untracked 
|   9|0x0000000083f00000, 0x0000000083f00000, 0x0000000084000000|  0%| F|  |TAMS 0x0000000083f00000, 0x0000000083f00000| Untracked 
|  10|0x0000000084000000, 0x0000000084000000, 0x0000000084100000|  0%| F|  |TAMS 0x0000000084000000, 0x0000000084000000| Untracked 
|  11|0x0000000084100000, 0x0000000084100000, 0x0000000084200000|  0%| F|  |TAMS 0x0000000084100000, 0x0000000084100000| Untracked 
|  12|0x0000000084200000, 0x0000000084200000, 0x0000000084300000|  0%| F|  |TAMS 0x0000000084200000, 0x0000000084200000| Untracked 
|  13|0x0000000084300000, 0x0000000084300000, 0x0000000084400000|  0%| F|  |TAMS 0x0000000084300000, 0x0000000084300000| Untracked 
|  14|0x0000000084400000, 0x0000000084400000, 0x0000000084500000|  0%| F|  |TAMS 0x0000000084400000, 0x0000000084400000| Untracked 
|  15|0x0000000084500000, 0x0000000084500000, 0x0000000084600000|  0%| F|  |TAMS 0x0000000084500000, 0x0000000084500000| Untracked 
|  16|0x0000000084600000, 0x0000000084600000, 0x0000000084700000|  0%| F|  |TAMS 0x0000000084600000, 0x0000000084600000| Untracked 
|  17|0x0000000084700000, 0x0000000084700000, 0x0000000084800000|  0%| F|  |TAMS 0x0000000084700000, 0x0000000084700000| Untracked 
|  18|0x0000000084800000, 0x0000000084800000, 0x0000000084900000|  0%| F|  |TAMS 0x0000000084800000, 0x0000000084800000| Untracked 
|  19|0x0000000084900000, 0x0000000084900000, 0x0000000084a00000|  0%| F|  |TAMS 0x0000000084900000, 0x0000000084900000| Untracked 
|  20|0x0000000084a00000, 0x0000000084a00000, 0x0000000084b00000|  0%| F|  |TAMS 0x0000000084a00000, 0x0000000084a00000| Untracked 
|  21|0x0000000084b00000, 0x0000000084b00000, 0x0000000084c00000|  0%| F|  |TAMS 0x0000000084b00000, 0x0000000084b00000| Untracked 
|  22|0x0000000084c00000, 0x0000000084c00000, 0x0000000084d00000|  0%| F|  |TAMS 0x0000000084c00000, 0x0000000084c00000| Untracked 
|  23|0x0000000084d00000, 0x0000000084d00000, 0x0000000084e00000|  0%| F|  |TAMS 0x0000000084d00000, 0x0000000084d00000| Untracked 
|  24|0x0000000084e00000, 0x0000000084e00000, 0x0000000084f00000|  0%| F|  |TAMS 0x0000000084e00000, 0x0000000084e00000| Untracked 
|  25|0x0000000084f00000, 0x0000000084f00000, 0x0000000085000000|  0%| F|  |TAMS 0x0000000084f00000, 0x0000000084f00000| Untracked 
|  26|0x0000000085000000, 0x0000000085000000, 0x0000000085100000|  0%| F|  |TAMS 0x0000000085000000, 0x0000000085000000| Untracked 
|  27|0x0000000085100000, 0x0000000085100000, 0x0000000085200000|  0%| F|  |TAMS 0x0000000085100000, 0x0000000085100000| Untracked 
|  28|0x0000000085200000, 0x0000000085200000, 0x0000000085300000|  0%| F|  |TAMS 0x0000000085200000, 0x0000000085200000| Untracked 
|  29|0x0000000085300000, 0x0000000085300000, 0x0000000085400000|  0%| F|  |TAMS 0x0000000085300000, 0x0000000085300000| Untracked 
|  30|0x0000000085400000, 0x0000000085400000, 0x0000000085500000|  0%| F|  |TAMS 0x0000000085400000, 0x0000000085400000| Untracked 
|  31|0x0000000085500000, 0x0000000085500000, 0x0000000085600000|  0%| F|  |TAMS 0x0000000085500000, 0x0000000085500000| Untracked 
|  32|0x0000000085600000, 0x0000000085600000, 0x0000000085700000|  0%| F|  |TAMS 0x0000000085600000, 0x0000000085600000| Untracked 
|  33|0x0000000085700000, 0x0000000085700000, 0x0000000085800000|  0%| F|  |TAMS 0x0000000085700000, 0x0000000085700000| Untracked 
|  34|0x0000000085800000, 0x0000000085800000, 0x0000000085900000|  0%| F|  |TAMS 0x0000000085800000, 0x0000000085800000| Untracked 
|  35|0x0000000085900000, 0x0000000085900000, 0x0000000085a00000|  0%| F|  |TAMS 0x0000000085900000, 0x0000000085900000| Untracked 
|  36|0x0000000085a00000, 0x0000000085a00000, 0x0000000085b00000|  0%| F|  |TAMS 0x0000000085a00000, 0x0000000085a00000| Untracked 
|  37|0x0000000085b00000, 0x0000000085b00000, 0x0000000085c00000|  0%| F|  |TAMS 0x0000000085b00000, 0x0000000085b00000| Untracked 
|  38|0x0000000085c00000, 0x0000000085c00000, 0x0000000085d00000|  0%| F|  |TAMS 0x0000000085c00000, 0x0000000085c00000| Untracked 
|  39|0x0000000085d00000, 0x0000000085d00000, 0x0000000085e00000|  0%| F|  |TAMS 0x0000000085d00000, 0x0000000085d00000| Untracked 
|  40|0x0000000085e00000, 0x0000000085e00000, 0x0000000085f00000|  0%| F|  |TAMS 0x0000000085e00000, 0x0000000085e00000| Untracked 
|  41|0x0000000085f00000, 0x0000000085f00000, 0x0000000086000000|  0%| F|  |TAMS 0x0000000085f00000, 0x0000000085f00000| Untracked 
|  42|0x0000000086000000, 0x0000000086000000, 0x0000000086100000|  0%| F|  |TAMS 0x0000000086000000, 0x0000000086000000| Untracked 
|  43|0x0000000086100000, 0x0000000086100000, 0x0000000086200000|  0%| F|  |TAMS 0x0000000086100000, 0x0000000086100000| Untracked 
|  44|0x0000000086200000, 0x0000000086200000, 0x0000000086300000|  0%| F|  |TAMS 0x0000000086200000, 0x0000000086200000| Untracked 
|  45|0x0000000086300000, 0x0000000086300000, 0x0000000086400000|  0%| F|  |TAMS 0x0000000086300000, 0x0000000086300000| Untracked 
|  46|0x0000000086400000, 0x0000000086400000, 0x0000000086500000|  0%| F|  |TAMS 0x0000000086400000, 0x0000000086400000| Untracked 
|  47|0x0000000086500000, 0x0000000086500000, 0x0000000086600000|  0%| F|  |TAMS 0x0000000086500000, 0x0000000086500000| Untracked 
|  48|0x0000000086600000, 0x0000000086600000, 0x0000000086700000|  0%| F|  |TAMS 0x0000000086600000, 0x0000000086600000| Untracked 
|  49|0x0000000086700000, 0x0000000086700000, 0x0000000086800000|  0%| F|  |TAMS 0x0000000086700000, 0x0000000086700000| Untracked 
|  50|0x0000000086800000, 0x0000000086800000, 0x0000000086900000|  0%| F|  |TAMS 0x0000000086800000, 0x0000000086800000| Untracked 
|  51|0x0000000086900000, 0x0000000086900000, 0x0000000086a00000|  0%| F|  |TAMS 0x0000000086900000, 0x0000000086900000| Untracked 
|  52|0x0000000086a00000, 0x0000000086a00000, 0x0000000086b00000|  0%| F|  |TAMS 0x0000000086a00000, 0x0000000086a00000| Untracked 
|  53|0x0000000086b00000, 0x0000000086b00000, 0x0000000086c00000|  0%| F|  |TAMS 0x0000000086b00000, 0x0000000086b00000| Untracked 
|  54|0x0000000086c00000, 0x0000000086c00000, 0x0000000086d00000|  0%| F|  |TAMS 0x0000000086c00000, 0x0000000086c00000| Untracked 
|  55|0x0000000086d00000, 0x0000000086d00000, 0x0000000086e00000|  0%| F|  |TAMS 0x0000000086d00000, 0x0000000086d00000| Untracked 
|  56|0x0000000086e00000, 0x0000000086e00000, 0x0000000086f00000|  0%| F|  |TAMS 0x0000000086e00000, 0x0000000086e00000| Untracked 
|  57|0x0000000086f00000, 0x0000000086f00000, 0x0000000087000000|  0%| F|  |TAMS 0x0000000086f00000, 0x0000000086f00000| Untracked 
|  58|0x0000000087000000, 0x0000000087000000, 0x0000000087100000|  0%| F|  |TAMS 0x0000000087000000, 0x0000000087000000| Untracked 
|  59|0x0000000087100000, 0x0000000087100000, 0x0000000087200000|  0%| F|  |TAMS 0x0000000087100000, 0x0000000087100000| Untracked 
|  60|0x0000000087200000, 0x0000000087200000, 0x0000000087300000|  0%| F|  |TAMS 0x0000000087200000, 0x0000000087200000| Untracked 
|  61|0x0000000087300000, 0x0000000087300000, 0x0000000087400000|  0%| F|  |TAMS 0x0000000087300000, 0x0000000087300000| Untracked 
|  62|0x0000000087400000, 0x0000000087400000, 0x0000000087500000|  0%| F|  |TAMS 0x0000000087400000, 0x0000000087400000| Untracked 
|  63|0x0000000087500000, 0x0000000087500000, 0x0000000087600000|  0%| F|  |TAMS 0x0000000087500000, 0x0000000087500000| Untracked 
|  64|0x0000000087600000, 0x0000000087600000, 0x0000000087700000|  0%| F|  |TAMS 0x0000000087600000, 0x0000000087600000| Untracked 
|  65|0x0000000087700000, 0x0000000087700000, 0x0000000087800000|  0%| F|  |TAMS 0x0000000087700000, 0x0000000087700000| Untracked 
|  66|0x0000000087800000, 0x0000000087800000, 0x0000000087900000|  0%| F|  |TAMS 0x0000000087800000, 0x0000000087800000| Untracked 
|  67|0x0000000087900000, 0x0000000087900000, 0x0000000087a00000|  0%| F|  |TAMS 0x0000000087900000, 0x0000000087900000| Untracked 
|  68|0x0000000087a00000, 0x0000000087a00000, 0x0000000087b00000|  0%| F|  |TAMS 0x0000000087a00000, 0x0000000087a00000| Untracked 
|  69|0x0000000087b00000, 0x0000000087b00000, 0x0000000087c00000|  0%| F|  |TAMS 0x0000000087b00000, 0x0000000087b00000| Untracked 
|  70|0x0000000087c00000, 0x0000000087c00000, 0x0000000087d00000|  0%| F|  |TAMS 0x0000000087c00000, 0x0000000087c00000| Untracked 
|  71|0x0000000087d00000, 0x0000000087d00000, 0x0000000087e00000|  0%| F|  |TAMS 0x0000000087d00000, 0x0000000087d00000| Untracked 
|  72|0x0000000087e00000, 0x0000000087e00000, 0x0000000087f00000|  0%| F|  |TAMS 0x0000000087e00000, 0x0000000087e00000| Untracked 
|  73|0x0000000087f00000, 0x0000000087f00000, 0x0000000088000000|  0%| F|  |TAMS 0x0000000087f00000, 0x0000000087f00000| Untracked 
|  74|0x0000000088000000, 0x0000000088000000, 0x0000000088100000|  0%| F|  |TAMS 0x0000000088000000, 0x0000000088000000| Untracked 
|  75|0x0000000088100000, 0x0000000088100000, 0x0000000088200000|  0%| F|  |TAMS 0x0000000088100000, 0x0000000088100000| Untracked 
|  76|0x0000000088200000, 0x0000000088200000, 0x0000000088300000|  0%| F|  |TAMS 0x0000000088200000, 0x0000000088200000| Untracked 
|  77|0x0000000088300000, 0x0000000088300000, 0x0000000088400000|  0%| F|  |TAMS 0x0000000088300000, 0x0000000088300000| Untracked 
|  78|0x0000000088400000, 0x0000000088400000, 0x0000000088500000|  0%| F|  |TAMS 0x0000000088400000, 0x0000000088400000| Untracked 
|  79|0x0000000088500000, 0x0000000088500000, 0x0000000088600000|  0%| F|  |TAMS 0x0000000088500000, 0x0000000088500000| Untracked 
|  80|0x0000000088600000, 0x0000000088600000, 0x0000000088700000|  0%| F|  |TAMS 0x0000000088600000, 0x0000000088600000| Untracked 
|  81|0x0000000088700000, 0x0000000088700000, 0x0000000088800000|  0%| F|  |TAMS 0x0000000088700000, 0x0000000088700000| Untracked 
|  82|0x0000000088800000, 0x0000000088800000, 0x0000000088900000|  0%| F|  |TAMS 0x0000000088800000, 0x0000000088800000| Untracked 
|  83|0x0000000088900000, 0x0000000088900000, 0x0000000088a00000|  0%| F|  |TAMS 0x0000000088900000, 0x0000000088900000| Untracked 
|  84|0x0000000088a00000, 0x0000000088a00000, 0x0000000088b00000|  0%| F|  |TAMS 0x0000000088a00000, 0x0000000088a00000| Untracked 
|  85|0x0000000088b00000, 0x0000000088b00000, 0x0000000088c00000|  0%| F|  |TAMS 0x0000000088b00000, 0x0000000088b00000| Untracked 
|  86|0x0000000088c00000, 0x0000000088c00000, 0x0000000088d00000|  0%| F|  |TAMS 0x0000000088c00000, 0x0000000088c00000| Untracked 
|  87|0x0000000088d00000, 0x0000000088d00000, 0x0000000088e00000|  0%| F|  |TAMS 0x0000000088d00000, 0x0000000088d00000| Untracked 
|  88|0x0000000088e00000, 0x0000000088e00000, 0x0000000088f00000|  0%| F|  |TAMS 0x0000000088e00000, 0x0000000088e00000| Untracked 
|  89|0x0000000088f00000, 0x0000000088f00000, 0x0000000089000000|  0%| F|  |TAMS 0x0000000088f00000, 0x0000000088f00000| Untracked 
|  90|0x0000000089000000, 0x0000000089000000, 0x0000000089100000|  0%| F|  |TAMS 0x0000000089000000, 0x0000000089000000| Untracked 
|  91|0x0000000089100000, 0x0000000089100000, 0x0000000089200000|  0%| F|  |TAMS 0x0000000089100000, 0x0000000089100000| Untracked 
|  92|0x0000000089200000, 0x0000000089200000, 0x0000000089300000|  0%| F|  |TAMS 0x0000000089200000, 0x0000000089200000| Untracked 
|  93|0x0000000089300000, 0x0000000089300000, 0x0000000089400000|  0%| F|  |TAMS 0x0000000089300000, 0x0000000089300000| Untracked 
|  94|0x0000000089400000, 0x0000000089400000, 0x0000000089500000|  0%| F|  |TAMS 0x0000000089400000, 0x0000000089400000| Untracked 
|  95|0x0000000089500000, 0x0000000089500000, 0x0000000089600000|  0%| F|  |TAMS 0x0000000089500000, 0x0000000089500000| Untracked 
|  96|0x0000000089600000, 0x0000000089600000, 0x0000000089700000|  0%| F|  |TAMS 0x0000000089600000, 0x0000000089600000| Untracked 
|  97|0x0000000089700000, 0x0000000089700000, 0x0000000089800000|  0%| F|  |TAMS 0x0000000089700000, 0x0000000089700000| Untracked 
|  98|0x0000000089800000, 0x0000000089800000, 0x0000000089900000|  0%| F|  |TAMS 0x0000000089800000, 0x0000000089800000| Untracked 
|  99|0x0000000089900000, 0x0000000089900000, 0x0000000089a00000|  0%| F|  |TAMS 0x0000000089900000, 0x0000000089900000| Untracked 
| 100|0x0000000089a00000, 0x0000000089b00000, 0x0000000089b00000|100%| S|CS|TAMS 0x0000000089a00000, 0x0000000089a00000| Complete 
| 101|0x0000000089b00000, 0x0000000089c00000, 0x0000000089c00000|100%| S|CS|TAMS 0x0000000089b00000, 0x0000000089b00000| Complete 
| 102|0x0000000089c00000, 0x0000000089d00000, 0x0000000089d00000|100%| S|CS|TAMS 0x0000000089c00000, 0x0000000089c00000| Complete 
| 103|0x0000000089d00000, 0x0000000089d00000, 0x0000000089e00000|  0%| F|  |TAMS 0x0000000089d00000, 0x0000000089d00000| Untracked 
| 104|0x0000000089e00000, 0x0000000089e00000, 0x0000000089f00000|  0%| F|  |TAMS 0x0000000089e00000, 0x0000000089e00000| Untracked 
| 105|0x0000000089f00000, 0x0000000089f00000, 0x000000008a000000|  0%| F|  |TAMS 0x0000000089f00000, 0x0000000089f00000| Untracked 
| 106|0x000000008a000000, 0x000000008a000000, 0x000000008a100000|  0%| F|  |TAMS 0x000000008a000000, 0x000000008a000000| Untracked 
| 107|0x000000008a100000, 0x000000008a100000, 0x000000008a200000|  0%| F|  |TAMS 0x000000008a100000, 0x000000008a100000| Untracked 
| 108|0x000000008a200000, 0x000000008a200000, 0x000000008a300000|  0%| F|  |TAMS 0x000000008a200000, 0x000000008a200000| Untracked 
| 109|0x000000008a300000, 0x000000008a300000, 0x000000008a400000|  0%| F|  |TAMS 0x000000008a300000, 0x000000008a300000| Untracked 
| 110|0x000000008a400000, 0x000000008a400000, 0x000000008a500000|  0%| F|  |TAMS 0x000000008a400000, 0x000000008a400000| Untracked 
| 111|0x000000008a500000, 0x000000008a500000, 0x000000008a600000|  0%| F|  |TAMS 0x000000008a500000, 0x000000008a500000| Untracked 
| 112|0x000000008a600000, 0x000000008a600000, 0x000000008a700000|  0%| F|  |TAMS 0x000000008a600000, 0x000000008a600000| Untracked 
| 113|0x000000008a700000, 0x000000008a700000, 0x000000008a800000|  0%| F|  |TAMS 0x000000008a700000, 0x000000008a700000| Untracked 
| 114|0x000000008a800000, 0x000000008a880000, 0x000000008a900000| 50%| E|  |TAMS 0x000000008a800000, 0x000000008a800000| Complete 
| 115|0x000000008a900000, 0x000000008aa00000, 0x000000008aa00000|100%| E|CS|TAMS 0x000000008a900000, 0x000000008a900000| Complete 
| 116|0x000000008aa00000, 0x000000008ab00000, 0x000000008ab00000|100%| E|CS|TAMS 0x000000008aa00000, 0x000000008aa00000| Complete 
| 117|0x000000008ab00000, 0x000000008ac00000, 0x000000008ac00000|100%| E|CS|TAMS 0x000000008ab00000, 0x000000008ab00000| Complete 
| 118|0x000000008ac00000, 0x000000008ad00000, 0x000000008ad00000|100%| E|CS|TAMS 0x000000008ac00000, 0x000000008ac00000| Complete 
| 119|0x000000008ad00000, 0x000000008ae00000, 0x000000008ae00000|100%| E|CS|TAMS 0x000000008ad00000, 0x000000008ad00000| Complete 
| 120|0x000000008ae00000, 0x000000008af00000, 0x000000008af00000|100%| E|CS|TAMS 0x000000008ae00000, 0x000000008ae00000| Complete 
| 121|0x000000008af00000, 0x000000008b000000, 0x000000008b000000|100%| E|CS|TAMS 0x000000008af00000, 0x000000008af00000| Complete 
| 122|0x000000008b000000, 0x000000008b100000, 0x000000008b100000|100%| E|CS|TAMS 0x000000008b000000, 0x000000008b000000| Complete 
| 123|0x000000008b100000, 0x000000008b200000, 0x000000008b200000|100%| E|CS|TAMS 0x000000008b100000, 0x000000008b100000| Complete 
| 124|0x000000008b200000, 0x000000008b300000, 0x000000008b300000|100%| E|CS|TAMS 0x000000008b200000, 0x000000008b200000| Complete 
| 125|0x000000008b300000, 0x000000008b400000, 0x000000008b400000|100%| E|CS|TAMS 0x000000008b300000, 0x000000008b300000| Complete 

Card table byte_map: [0x0000016d78ce0000,0x0000016d790d0000] _byte_map_base: 0x0000016d788c5000

Marking Bits (Prev, Next): (CMBitMap*) 0x0000016d78576140, (CMBitMap*) 0x0000016d78576180
 Prev Bits: [0x0000016d794c0000, 0x0000016d7b3e8000)
 Next Bits: [0x0000016d7b3f0000, 0x0000016d7d318000)

Polling page: 0x0000016d764c0000

Metaspace:

Usage:
  Non-class:      7.16 MB used.
      Class:      1.02 MB used.
       Both:      8.18 MB used.

Virtual space:
  Non-class space:       64.00 MB reserved,       7.31 MB ( 11%) committed,  1 nodes.
      Class space:        1.00 GB reserved,       1.12 MB ( <1%) committed,  1 nodes.
             Both:        1.06 GB reserved,       8.44 MB ( <1%) committed. 

Chunk freelists:
   Non-Class:  7.45 MB
       Class:  14.88 MB
        Both:  22.33 MB

MaxMetaspaceSize: unlimited
CompressedClassSpaceSize: 1.00 GB
Initial GC threshold: 21.00 MB
Current GC threshold: 21.00 MB
CDS: on
MetaspaceReclaimPolicy: balanced
 - commit_granule_bytes: 65536.
 - commit_granule_words: 8192.
 - virtual_space_node_default_size: 8388608.
 - enlarge_chunks_in_place: 1.
 - new_chunks_are_fully_committed: 0.
 - uncommit_free_chunks: 1.
 - use_allocation_guard: 0.
 - handle_deallocations: 1.


Internal statistics:

num_allocs_failed_limit: 0.
num_arena_births: 314.
num_arena_deaths: 0.
num_vsnodes_births: 2.
num_vsnodes_deaths: 0.
num_space_committed: 135.
num_space_uncommitted: 0.
num_chunks_returned_to_freelist: 0.
num_chunks_taken_from_freelist: 608.
num_chunk_merges: 0.
num_chunk_splits: 378.
num_chunks_enlarged: 260.
num_inconsistent_stats: 0.

CodeHeap 'non-profiled nmethods': size=120000Kb used=552Kb max_used=552Kb free=119447Kb
 bounds [0x0000016d0f580000, 0x0000016d0f7f0000, 0x0000016d16ab0000]
CodeHeap 'profiled nmethods': size=120000Kb used=2811Kb max_used=2811Kb free=117189Kb
 bounds [0x0000016d07ab0000, 0x0000016d07d70000, 0x0000016d0efe0000]
CodeHeap 'non-nmethods': size=5760Kb used=1170Kb max_used=1198Kb free=4589Kb
 bounds [0x0000016d0efe0000, 0x0000016d0f250000, 0x0000016d0f580000]
 total_blobs=2027 nmethods=1581 adapters=358
 compilation: enabled
              stopped_count=0, restarted_count=0
 full_count=0

Compilation events (20 events):
Event: 3.930 Thread 0x0000016d7fd5bc30 1510       3       java.util.concurrent.CopyOnWriteArrayList::elementAt (4 bytes)
Event: 3.931 Thread 0x0000016d7fd5bc30 nmethod 1510 0x0000016d07d48090 code [0x0000016d07d48220, 0x0000016d07d48338]
Event: 3.931 Thread 0x0000016d7fd5bc30 1511       3       java.util.concurrent.CopyOnWriteArrayList::get (9 bytes)
Event: 3.931 Thread 0x0000016d7fd5bc30 nmethod 1511 0x0000016d07d48410 code [0x0000016d07d485c0, 0x0000016d07d48778]
Event: 3.931 Thread 0x0000016d7fd5bc30 1509       3       java.util.Collections::emptySet (4 bytes)
Event: 3.931 Thread 0x0000016d7fd5bc30 nmethod 1509 0x0000016d07d48890 code [0x0000016d07d48a20, 0x0000016d07d48b18]
Event: 3.931 Thread 0x0000016d7fd5bc30 1507       1       java.util.concurrent.ConcurrentHashMap$KeySpliterator::characteristics (4 bytes)
Event: 3.931 Thread 0x0000016d7fd5bc30 nmethod 1507 0x0000016d0f606a90 code [0x0000016d0f606c20, 0x0000016d0f606cf8]
Event: 3.931 Thread 0x0000016d7fd5bc30 1512       3       java.util.stream.ReferencePipeline::<init> (7 bytes)
Event: 3.931 Thread 0x0000016d7fd5bc30 nmethod 1512 0x0000016d07d48b90 code [0x0000016d07d48d40, 0x0000016d07d48e88]
Event: 3.931 Thread 0x0000016d7fd5bc30 1513       3       java.util.stream.AbstractPipeline::<init> (91 bytes)
Event: 3.933 Thread 0x0000016d7fd5bc30 nmethod 1513 0x0000016d07d48f10 code [0x0000016d07d49100, 0x0000016d07d49778]
Event: 3.933 Thread 0x0000016d7fd5bc30 1515       3       java.util.stream.Sink$ChainedReference::<init> (16 bytes)
Event: 3.934 Thread 0x0000016d7fd5bc30 nmethod 1515 0x0000016d07d49990 code [0x0000016d07d49b60, 0x0000016d07d49fa8]
Event: 3.934 Thread 0x0000016d7fd5bc30 1516       3       java.util.WeakHashMap::put (160 bytes)
Event: 3.935 Thread 0x0000016d7fd5bc30 nmethod 1516 0x0000016d07d4a110 code [0x0000016d07d4a3a0, 0x0000016d07d4b3a8]
Event: 3.935 Thread 0x0000016d7fd5bc30 1517       3       java.util.stream.SpinedBuffer::ensureCapacity (138 bytes)
Event: 3.936 Thread 0x0000016d7fd5bc30 nmethod 1517 0x0000016d07d4b910 code [0x0000016d07d4bb60, 0x0000016d07d4caa8]
Event: 3.937 Thread 0x0000016d7fd5bc30 1514       3       java.util.stream.AbstractPipeline::wrapAndCopyInto (18 bytes)
Event: 3.937 Thread 0x0000016d7fd5bc30 nmethod 1514 0x0000016d07d4cf10 code [0x0000016d07d4d100, 0x0000016d07d4d508]

GC Heap History (2 events):
Event: 3.335 GC heap before
{Heap before GC invocations=0 (full 0):
 garbage-first heap   total 129024K, used 24576K [0x0000000083600000, 0x0000000100000000)
  region size 1024K, 23 young (23552K), 0 survivors (0K)
 Metaspace       used 5904K, committed 6080K, reserved 1114112K
  class space    used 694K, committed 768K, reserved 1048576K
}
Event: 3.377 GC heap after
{Heap after GC invocations=1 (full 0):
 garbage-first heap   total 129024K, used 7407K [0x0000000083600000, 0x0000000100000000)
  region size 1024K, 3 young (3072K), 3 survivors (3072K)
 Metaspace       used 5904K, committed 6080K, reserved 1114112K
  class space    used 694K, committed 768K, reserved 1048576K
}

Dll operation events (6 events):
Event: 0.197 Loaded shared library C:\Users\acer\.jdks\temurin-17.0.18\bin\java.dll
Event: 0.363 Loaded shared library C:\Users\acer\.jdks\temurin-17.0.18\bin\jsvml.dll
Event: 1.201 Loaded shared library C:\Users\acer\.jdks\temurin-17.0.18\bin\net.dll
Event: 1.209 Loaded shared library C:\Users\acer\.jdks\temurin-17.0.18\bin\nio.dll
Event: 1.216 Loaded shared library C:\Users\acer\.jdks\temurin-17.0.18\bin\zip.dll
Event: 1.629 Loaded shared library C:\Users\acer\.jdks\temurin-17.0.18\bin\jimage.dll

Deoptimization events (20 events):
Event: 3.722 Thread 0x0000016d7851b410 Uncommon trap: trap_request=0xffffffde fr.pc=0x0000016d0f5f5534 relative=0x0000000000000114
Event: 3.722 Thread 0x0000016d7851b410 Uncommon trap: reason=class_check action=maybe_recompile pc=0x0000016d0f5f5534 method=jdk.internal.misc.Unsafe.allocateUninitializedArray(Ljava/lang/Class;I)Ljava/lang/Object; @ 51 c2
Event: 3.722 Thread 0x0000016d7851b410 DEOPT PACKING pc=0x0000016d0f5f5534 sp=0x0000001a99bfdaa0
Event: 3.722 Thread 0x0000016d7851b410 DEOPT UNPACKING pc=0x0000016d0f03a1a3 sp=0x0000001a99bfda28 mode 2
Event: 3.722 Thread 0x0000016d7851b410 Uncommon trap: trap_request=0xffffffde fr.pc=0x0000016d0f5f5534 relative=0x0000000000000114
Event: 3.722 Thread 0x0000016d7851b410 Uncommon trap: reason=class_check action=maybe_recompile pc=0x0000016d0f5f5534 method=jdk.internal.misc.Unsafe.allocateUninitializedArray(Ljava/lang/Class;I)Ljava/lang/Object; @ 51 c2
Event: 3.722 Thread 0x0000016d7851b410 DEOPT PACKING pc=0x0000016d0f5f5534 sp=0x0000001a99bfd6a0
Event: 3.722 Thread 0x0000016d7851b410 DEOPT UNPACKING pc=0x0000016d0f03a1a3 sp=0x0000001a99bfd628 mode 2
Event: 3.817 Thread 0x0000016d7851b410 Uncommon trap: trap_request=0xffffffc6 fr.pc=0x0000016d0f5df168 relative=0x0000000000000308
Event: 3.817 Thread 0x0000016d7851b410 Uncommon trap: reason=bimorphic_or_optimized_type_check action=maybe_recompile pc=0x0000016d0f5df168 method=java.util.HashMap.getNode(Ljava/lang/Object;)Ljava/util/HashMap$Node; @ 63 c2
Event: 3.817 Thread 0x0000016d7851b410 DEOPT PACKING pc=0x0000016d0f5df168 sp=0x0000001a99bfea30
Event: 3.817 Thread 0x0000016d7851b410 DEOPT UNPACKING pc=0x0000016d0f03a1a3 sp=0x0000001a99bfe998 mode 2
Event: 3.817 Thread 0x0000016d7851b410 Uncommon trap: trap_request=0xffffffc6 fr.pc=0x0000016d0f5df168 relative=0x0000000000000308
Event: 3.817 Thread 0x0000016d7851b410 Uncommon trap: reason=bimorphic_or_optimized_type_check action=maybe_recompile pc=0x0000016d0f5df168 method=java.util.HashMap.getNode(Ljava/lang/Object;)Ljava/util/HashMap$Node; @ 63 c2
Event: 3.817 Thread 0x0000016d7851b410 DEOPT PACKING pc=0x0000016d0f5df168 sp=0x0000001a99bfea30
Event: 3.817 Thread 0x0000016d7851b410 DEOPT UNPACKING pc=0x0000016d0f03a1a3 sp=0x0000001a99bfe998 mode 2
Event: 3.830 Thread 0x0000016d7851b410 Uncommon trap: trap_request=0xffffffc6 fr.pc=0x0000016d0f5df168 relative=0x0000000000000308
Event: 3.831 Thread 0x0000016d7851b410 Uncommon trap: reason=bimorphic_or_optimized_type_check action=maybe_recompile pc=0x0000016d0f5df168 method=java.util.HashMap.getNode(Ljava/lang/Object;)Ljava/util/HashMap$Node; @ 63 c2
Event: 3.831 Thread 0x0000016d7851b410 DEOPT PACKING pc=0x0000016d0f5df168 sp=0x0000001a99bfea30
Event: 3.831 Thread 0x0000016d7851b410 DEOPT UNPACKING pc=0x0000016d0f03a1a3 sp=0x0000001a99bfe998 mode 2

Classes loaded (20 events):
Event: 3.764 Loading class sun/reflect/generics/tree/VoidDescriptor
Event: 3.764 Loading class sun/reflect/generics/tree/VoidDescriptor done
Event: 3.764 Loading class sun/reflect/generics/tree/MethodTypeSignature
Event: 3.764 Loading class sun/reflect/generics/tree/MethodTypeSignature done
Event: 3.889 Loading class java/util/concurrent/ConcurrentLinkedDeque$Itr
Event: 3.889 Loading class java/util/concurrent/ConcurrentLinkedDeque$AbstractItr
Event: 3.890 Loading class java/util/concurrent/ConcurrentLinkedDeque$AbstractItr done
Event: 3.890 Loading class java/util/concurrent/ConcurrentLinkedDeque$Itr done
Event: 3.890 Loading class java/io/UnsupportedEncodingException
Event: 3.890 Loading class java/io/UnsupportedEncodingException done
Event: 3.891 Loading class java/nio/charset/CharacterCodingException
Event: 3.891 Loading class java/nio/charset/CharacterCodingException done
Event: 3.894 Loading class java/io/Console
Event: 3.894 Loading class java/io/Console done
Event: 3.915 Loading class sun/nio/cs/IBM437
Event: 3.916 Loading class sun/nio/cs/IBM437 done
Event: 3.918 Loading class java/io/Console$2
Event: 3.918 Loading class jdk/internal/access/JavaIOAccess
Event: 3.919 Loading class jdk/internal/access/JavaIOAccess done
Event: 3.919 Loading class java/io/Console$2 done

Classes unloaded (0 events):
No events

Classes redefined (0 events):
No events

Internal exceptions (20 events):
Event: 3.729 Thread 0x0000016d7851b410 Exception <a 'java/lang/NoSuchMethodError'{0x000000008adc1420}: 'java.lang.Object java.lang.invoke.DirectMethodHandle$Holder.invokeStaticInit(java.lang.Object, java.lang.Object, java.lang.Object, java.lang.Object, java.lang.Object, java.lang.Object, java.lang.Object)'> (0x000000008adc1420) 
thrown [s\src\hotspot\share\interpreter\linkResolver.cpp, line 759]
Event: 3.730 Thread 0x0000016d7851b410 Exception <a 'java/lang/NoSuchMethodError'{0x000000008adca908}: 'java.lang.Object java.lang.invoke.DirectMethodHandle$Holder.invokeSpecial(java.lang.Object, java.lang.Object, java.lang.Object, java.lang.Object, java.lang.Object, java.lang.Object, java.lang.Object, java.lang.Object, java.lang.Object, java.lang.Object)'> (0x000000008adca908) 
thrown [s\src\hotspot\share\interpreter\linkResolver.cpp, line 759]
Event: 3.730 Thread 0x0000016d7851b410 Exception <a 'java/lang/NoSuchMethodError'{0x000000008adceef0}: 'java.lang.Object java.lang.invoke.Invokers$Holder.invoke_MT(java.lang.Object, java.lang.Object, java.lang.Object, java.lang.Object, java.lang.Object, java.lang.Object, java.lang.Object, java.lang.Object, java.lang.Object, java.lang.Object)'> (0x000000008adceef0) 
thrown [s\src\hotspot\share\interpreter\linkResolver.cpp, line 759]
Event: 3.731 Thread 0x0000016d7851b410 Exception <a 'java/lang/NoSuchMethodError'{0x000000008add5390}: 'java.lang.Object java.lang.invoke.DirectMethodHandle$Holder.invokeStatic(java.lang.Object, java.lang.Object, int)'> (0x000000008add5390) 
thrown [s\src\hotspot\share\interpreter\linkResolver.cpp, line 759]
Event: 3.733 Thread 0x0000016d7851b410 Exception <a 'java/lang/NoSuchMethodError'{0x000000008ade8a70}: 'void java.lang.invoke.DelegatingMethodHandle$Holder.delegate(java.lang.Object, java.lang.Object, int, java.lang.Object)'> (0x000000008ade8a70) 
thrown [s\src\hotspot\share\interpreter\linkResolver.cpp, line 759]
Event: 3.735 Thread 0x0000016d7851b410 Exception <a 'java/lang/NoSuchMethodError'{0x000000008ac09208}: 'int java.lang.invoke.DirectMethodHandle$Holder.invokeVirtual(java.lang.Object, java.lang.Object, java.lang.Object)'> (0x000000008ac09208) 
thrown [s\src\hotspot\share\interpreter\linkResolver.cpp, line 759]
Event: 3.736 Thread 0x0000016d7851b410 Exception <a 'java/lang/NoSuchMethodError'{0x000000008ac0d940}: 'int java.lang.invoke.DirectMethodHandle$Holder.invokeStaticInit(java.lang.Object, int, int)'> (0x000000008ac0d940) 
thrown [s\src\hotspot\share\interpreter\linkResolver.cpp, line 759]
Event: 3.736 Thread 0x0000016d7851b410 Exception <a 'java/lang/NoSuchMethodError'{0x000000008ac154d0}: 'int java.lang.invoke.DirectMethodHandle$Holder.invokeStaticInit(java.lang.Object, long, long)'> (0x000000008ac154d0) 
thrown [s\src\hotspot\share\interpreter\linkResolver.cpp, line 759]
Event: 3.737 Thread 0x0000016d7851b410 Exception <a 'java/lang/NoSuchMethodError'{0x000000008ac1c5c8}: 'int java.lang.invoke.DirectMethodHandle$Holder.invokeStaticInit(java.lang.Object, float, float)'> (0x000000008ac1c5c8) 
thrown [s\src\hotspot\share\interpreter\linkResolver.cpp, line 759]
Event: 3.737 Thread 0x0000016d7851b410 Exception <a 'java/lang/NoSuchMethodError'{0x000000008ac236c8}: 'int java.lang.invoke.DirectMethodHandle$Holder.invokeStaticInit(java.lang.Object, double, double)'> (0x000000008ac236c8) 
thrown [s\src\hotspot\share\interpreter\linkResolver.cpp, line 759]
Event: 3.737 Thread 0x0000016d7851b410 Exception <a 'java/lang/NoSuchMethodError'{0x000000008ac27f40}: 'int java.lang.invoke.DirectMethodHandle$Holder.invokeStatic(java.lang.Object, long)'> (0x000000008ac27f40) 
thrown [s\src\hotspot\share\interpreter\linkResolver.cpp, line 759]
Event: 3.741 Thread 0x0000016d7851b410 Exception <a 'java/lang/NoSuchMethodError'{0x000000008ac4c470}: 'int java.lang.invoke.Invokers$Holder.linkToTargetMethod(java.lang.Object, java.lang.Object)'> (0x000000008ac4c470) 
thrown [s\src\hotspot\share\interpreter\linkResolver.cpp, line 759]
Event: 3.771 Thread 0x0000016d7851b410 Exception <a 'java/lang/NoSuchMethodError'{0x000000008acd33a8}: 'java.lang.Object java.lang.invoke.DirectMethodHandle$Holder.invokeSpecial(java.lang.Object, java.lang.Object, java.lang.Object, int, java.lang.Object)'> (0x000000008acd33a8) 
thrown [s\src\hotspot\share\interpreter\linkResolver.cpp, line 759]
Event: 3.772 Thread 0x0000016d7851b410 Exception <a 'java/lang/NoSuchMethodError'{0x000000008acdb910}: 'java.lang.Object java.lang.invoke.DirectMethodHandle$Holder.newInvokeSpecial(java.lang.Object, java.lang.Object, java.lang.Object, int, java.lang.Object)'> (0x000000008acdb910) 
thrown [s\src\hotspot\share\interpreter\linkResolver.cpp, line 759]
Event: 3.773 Thread 0x0000016d7851b410 Exception <a 'java/lang/NoSuchMethodError'{0x000000008ace32e0}: 'java.lang.Object java.lang.invoke.Invokers$Holder.linkToTargetMethod(java.lang.Object, java.lang.Object, int, java.lang.Object, java.lang.Object)'> (0x000000008ace32e0) 
thrown [s\src\hotspot\share\interpreter\linkResolver.cpp, line 759]
Event: 3.774 Thread 0x0000016d7851b410 Exception <a 'java/lang/NoSuchMethodError'{0x000000008acf3550}: 'java.lang.Object java.lang.invoke.DirectMethodHandle$Holder.newInvokeSpecial(java.lang.Object, int, java.lang.Object)'> (0x000000008acf3550) 
thrown [s\src\hotspot\share\interpreter\linkResolver.cpp, line 759]
Event: 3.775 Thread 0x0000016d7851b410 Exception <a 'java/lang/NoSuchMethodError'{0x000000008acf7ef0}: 'int java.lang.invoke.DirectMethodHandle$Holder.invokeSpecialIFC(java.lang.Object, java.lang.Object, java.lang.Object, java.lang.Object)'> (0x000000008acf7ef0) 
thrown [s\src\hotspot\share\interpreter\linkResolver.cpp, line 759]
Event: 3.802 Thread 0x0000016d7851b410 Exception <a 'java/lang/NoSuchMethodError'{0x000000008aba1bb8}: 'void java.lang.invoke.DirectMethodHandle$Holder.invokeInterface(java.lang.Object, java.lang.Object, java.lang.Object)'> (0x000000008aba1bb8) 
thrown [s\src\hotspot\share\interpreter\linkResolver.cpp, line 759]
Event: 3.839 Thread 0x0000016d7851b410 Exception <a 'java/lang/NoSuchMethodError'{0x000000008aa28c70}: 'void java.lang.invoke.DirectMethodHandle$Holder.invokeStaticInit(java.lang.Object, java.lang.Object, java.lang.Object)'> (0x000000008aa28c70) 
thrown [s\src\hotspot\share\interpreter\linkResolver.cpp, line 759]
Event: 3.887 Thread 0x0000016d7851b410 Exception <a 'java/lang/NoSuchMethodError'{0x000000008aa77730}: 'java.lang.Object java.lang.invoke.DirectMethodHandle$Holder.invokeVirtual(java.lang.Object, java.lang.Object, java.lang.Object)'> (0x000000008aa77730) 
thrown [s\src\hotspot\share\interpreter\linkResolver.cpp, line 759]

VM Operations (16 events):
Event: 1.340 Executing VM operation: HandshakeAllThreads
Event: 1.340 Executing VM operation: HandshakeAllThreads done
Event: 1.878 Executing VM operation: HandshakeAllThreads
Event: 1.878 Executing VM operation: HandshakeAllThreads done
Event: 1.878 Executing VM operation: Cleanup
Event: 1.878 Executing VM operation: Cleanup done
Event: 1.983 Executing VM operation: HandshakeAllThreads
Event: 1.983 Executing VM operation: HandshakeAllThreads done
Event: 2.006 Executing VM operation: HandshakeAllThreads
Event: 2.006 Executing VM operation: HandshakeAllThreads done
Event: 2.240 Executing VM operation: HandshakeAllThreads
Event: 2.516 Executing VM operation: HandshakeAllThreads done
Event: 3.332 Executing VM operation: G1CollectForAllocation
Event: 3.377 Executing VM operation: G1CollectForAllocation done
Event: 3.731 Executing VM operation: HandshakeAllThreads
Event: 3.731 Executing VM operation: HandshakeAllThreads done

Memory protections (0 events):
No events

Nmethod flushes (0 events):
No events

Events (12 events):
Event: 0.364 Thread 0x0000016d7851b410 Thread added: 0x0000016d7851b410
Event: 0.381 Thread 0x0000016d7851b410 Thread added: 0x0000016d7fd3ee10
Event: 0.381 Thread 0x0000016d7851b410 Thread added: 0x0000016d7fd40170
Event: 0.751 Thread 0x0000016d7851b410 Thread added: 0x0000016d7fd54380
Event: 0.751 Thread 0x0000016d7851b410 Thread added: 0x0000016d7fd54f40
Event: 0.752 Thread 0x0000016d7851b410 Thread added: 0x0000016d7fd59a20
Event: 0.752 Thread 0x0000016d7851b410 Thread added: 0x0000016d7fd5a3e0
Event: 0.752 Thread 0x0000016d7851b410 Thread added: 0x0000016d7fd5b180
Event: 0.752 Thread 0x0000016d7851b410 Thread added: 0x0000016d7fd5bc30
Event: 0.752 Thread 0x0000016d7851b410 Thread added: 0x0000016d7fd5d550
Event: 1.085 Thread 0x0000016d7851b410 Thread added: 0x0000016d16cb5cb0
Event: 1.135 Thread 0x0000016d7851b410 Thread added: 0x0000016d7fd9d150


Dynamic libraries:
0x00007ff754120000 - 0x00007ff75412e000 	C:\Users\acer\.jdks\temurin-17.0.18\bin\java.exe
0x00007ff90f510000 - 0x00007ff90f727000 	C:\Windows\SYSTEM32\ntdll.dll
0x00007ff90e6f0000 - 0x00007ff90e7b4000 	C:\Windows\System32\KERNEL32.DLL
0x00007ff90ce50000 - 0x00007ff90d20a000 	C:\Windows\System32\KERNELBASE.dll
0x00007ff90cb90000 - 0x00007ff90cca1000 	C:\Windows\System32\ucrtbase.dll
0x00007ff8f3250000 - 0x00007ff8f326e000 	C:\Users\acer\.jdks\temurin-17.0.18\bin\VCRUNTIME140.dll
0x00007ff8ee5f0000 - 0x00007ff8ee608000 	C:\Users\acer\.jdks\temurin-17.0.18\bin\jli.dll
0x00007ff90e460000 - 0x00007ff90e60e000 	C:\Windows\System32\USER32.dll
0x00007ff8f7e60000 - 0x00007ff8f80f2000 	C:\Windows\WinSxS\amd64_microsoft.windows.common-controls_6595b64144ccf1df_6.0.22621.4541_none_2710d1c57384c085\COMCTL32.dll
0x00007ff90c900000 - 0x00007ff90c926000 	C:\Windows\System32\win32u.dll
0x00007ff90f430000 - 0x00007ff90f459000 	C:\Windows\System32\GDI32.dll
0x00007ff90c7e0000 - 0x00007ff90c8fb000 	C:\Windows\System32\gdi32full.dll
0x00007ff90caf0000 - 0x00007ff90cb8a000 	C:\Windows\System32\msvcp_win.dll
0x00007ff90e3b0000 - 0x00007ff90e457000 	C:\Windows\System32\msvcrt.dll
0x00007ff90ec10000 - 0x00007ff90ec41000 	C:\Windows\System32\IMM32.DLL
0x00007ff908460000 - 0x00007ff90846c000 	C:\Users\acer\.jdks\temurin-17.0.18\bin\vcruntime140_1.dll
0x00007ff8d5b60000 - 0x00007ff8d5bed000 	C:\Users\acer\.jdks\temurin-17.0.18\bin\msvcp140.dll
0x00007ff8b1820000 - 0x00007ff8b248b000 	C:\Users\acer\.jdks\temurin-17.0.18\bin\server\jvm.dll
0x00007ff90e7c0000 - 0x00007ff90e872000 	C:\Windows\System32\ADVAPI32.dll
0x00007ff90d210000 - 0x00007ff90d2b7000 	C:\Windows\System32\sechost.dll
0x00007ff90ce20000 - 0x00007ff90ce48000 	C:\Windows\System32\bcrypt.dll
0x00007ff90d4a0000 - 0x00007ff90d5b4000 	C:\Windows\System32\RPCRT4.dll
0x00007ff90f3a0000 - 0x00007ff90f411000 	C:\Windows\System32\WS2_32.dll
0x00007ff908290000 - 0x00007ff9082c4000 	C:\Windows\SYSTEM32\WINMM.dll
0x00007ff90c500000 - 0x00007ff90c54d000 	C:\Windows\SYSTEM32\POWRPROF.dll
0x00007ff9054c0000 - 0x00007ff9054ca000 	C:\Windows\SYSTEM32\VERSION.dll
0x00007ff90c4e0000 - 0x00007ff90c4f3000 	C:\Windows\SYSTEM32\UMPDC.dll
0x00007ff90b800000 - 0x00007ff90b818000 	C:\Windows\SYSTEM32\kernel.appcore.dll
0x00007ff908350000 - 0x00007ff90835a000 	C:\Users\acer\.jdks\temurin-17.0.18\bin\jimage.dll
0x00007ff8f81e0000 - 0x00007ff8f8412000 	C:\Windows\SYSTEM32\DBGHELP.DLL
0x00007ff90e880000 - 0x00007ff90ec0f000 	C:\Windows\System32\combase.dll
0x00007ff90e610000 - 0x00007ff90e6e7000 	C:\Windows\System32\OLEAUT32.dll
0x00007ff8e99d0000 - 0x00007ff8e9a02000 	C:\Windows\SYSTEM32\dbgcore.DLL
0x00007ff90ca70000 - 0x00007ff90caeb000 	C:\Windows\System32\bcryptPrimitives.dll
0x00007ff8ee350000 - 0x00007ff8ee375000 	C:\Users\acer\.jdks\temurin-17.0.18\bin\java.dll
0x00007ff8cf750000 - 0x00007ff8cf827000 	C:\Users\acer\.jdks\temurin-17.0.18\bin\jsvml.dll
0x00007ff90d750000 - 0x00007ff90dfc8000 	C:\Windows\System32\SHELL32.dll
0x00007ff90a6d0000 - 0x00007ff90afd8000 	C:\Windows\SYSTEM32\windows.storage.dll
0x00007ff90a590000 - 0x00007ff90a6cf000 	C:\Windows\SYSTEM32\wintypes.dll
0x00007ff90d2c0000 - 0x00007ff90d3ba000 	C:\Windows\System32\SHCORE.dll
0x00007ff90f460000 - 0x00007ff90f4be000 	C:\Windows\System32\shlwapi.dll
0x00007ff90c710000 - 0x00007ff90c73b000 	C:\Windows\SYSTEM32\profapi.dll
0x00007ff8edda0000 - 0x00007ff8eddba000 	C:\Users\acer\.jdks\temurin-17.0.18\bin\net.dll
0x00007ff909480000 - 0x00007ff9095b6000 	C:\Windows\SYSTEM32\WINHTTP.dll
0x00007ff90bca0000 - 0x00007ff90bd09000 	C:\Windows\system32\mswsock.dll
0x00007ff8edce0000 - 0x00007ff8edcf6000 	C:\Users\acer\.jdks\temurin-17.0.18\bin\nio.dll
0x00007ff8ede80000 - 0x00007ff8ede98000 	C:\Users\acer\.jdks\temurin-17.0.18\bin\zip.dll

dbghelp: loaded successfully - version: 4.0.5 - missing functions: none
symbol engine: initialized successfully - sym options: 0x614 - pdb path: .;C:\Users\acer\.jdks\temurin-17.0.18\bin;C:\Windows\SYSTEM32;C:\Windows\WinSxS\amd64_microsoft.windows.common-controls_6595b64144ccf1df_6.0.22621.4541_none_2710d1c57384c085;C:\Users\acer\.jdks\temurin-17.0.18\bin\server

VM Arguments:
jvm_args: -Dfile.encoding=UTF-8 -Duser.country=PH -Duser.language=en -Duser.variant 
java_command: com.ws101.fortuna.EcommerceApi.EcommerceApiApplication
java_class_path (initial): C:\Users\acer\Documents\Jhoban Files\SpringPojects\EcommerceApi\build\classes\java\main;C:\Users\acer\Documents\Jhoban Files\SpringPojects\EcommerceApi\build\resources\main;C:\Users\acer\.gradle\caches\modules-2\files-2.1\org.springframework.boot\spring-boot-starter-webmvc\4.0.5\3bb411e29fbfb48fa378eb7ca6d11dedc6a8b3e8\spring-boot-starter-webmvc-4.0.5.jar;C:\Users\acer\.gradle\caches\modules-2\files-2.1\org.springframework.boot\spring-boot-starter-validation\4.0.5\592c21c36c72bb0ae99d665a6b6feb3b8a1143\spring-boot-starter-validation-4.0.5.jar;C:\Users\acer\.gradle\caches\modules-2\files-2.1\org.springframework.boot\spring-boot-starter-data-jpa\4.0.5\a3c0f0ce8718685f41558b30cc0e18fa0aec6ed0\spring-boot-starter-data-jpa-4.0.5.jar;C:\Users\acer\.gradle\caches\modules-2\files-2.1\com.mysql\mysql-connector-j\9.6.0\a76b3cf1facc2faca4b6e34c1a63ef5e7840131\mysql-connector-j-9.6.0.jar;C:\Users\acer\.gradle\caches\modules-2\files-2.1\org.springframework.boot\spring-boot-starter-jackson\4.0.5\16d3f8e99476fd61f39de7e96d2b66a2d18e943d\spring-boot-starter-jackson-4.0.5.jar;C:\Users\acer\.gradle\caches\modules-2\files-2.1\org.springframework.boot\spring-boot-starter-tomcat\4.0.5\f8dc612cb0cdd09c0d29f1a16bfbf184629f247\spring-boot-starter-tomcat-4.0.5.jar;C:\Users\acer\.gradle\caches\modules-2\files-2.1\org.springframework.boot\spring-boot-starter-jdbc\4.0.5\2ca3dfd8e504d7fec3c477a0ed44231e37d531a4\spring-boot-starter-jdbc-4.0.5.jar;C:\Users\acer\.gradle\caches\modules-2\files-2.1\org.springframework.boot\spring-boot-starter\4.0.5\2767611655cf4a17306c3331f95b6f90db83ee06\spring-boot-starter-4.0.5.jar;C:\Users\acer\.gradle\caches\modules-2\files-2.1\org.springframework.boot\spring-boot-webmvc\4.0.5\33bed4ae1c0fef88d4ebdb82916fbb19b884a034\spring-boot-webmvc-4.0.5.jar;C:\Users\acer\.gradle\caches\modules-2\files-2.1\org.springframework.boot\spring-boot-http-converter\4.0.5\54326cc39a6fd5d5f5bf63f5b25d527d3cd40b57\spring-boot-http-converter-4.0.5.jar;C:\Us
Launcher Type: SUN_STANDARD

[Global flags]
     intx CICompilerCount                          = 4                                         {product} {ergonomic}
     uint ConcGCThreads                            = 2                                         {product} {ergonomic}
     uint G1ConcRefinementThreads                  = 8                                         {product} {ergonomic}
   size_t G1HeapRegionSize                         = 1048576                                   {product} {ergonomic}
    uintx GCDrainStackTargetSize                   = 64                                        {product} {ergonomic}
   size_t InitialHeapSize                          = 132120576                                 {product} {ergonomic}
   size_t MarkStackSize                            = 4194304                                   {product} {ergonomic}
   size_t MaxHeapSize                              = 2090860544                                {product} {ergonomic}
   size_t MaxNewSize                               = 1254096896                                {product} {ergonomic}
   size_t MinHeapDeltaBytes                        = 1048576                                   {product} {ergonomic}
   size_t MinHeapSize                              = 8388608                                   {product} {ergonomic}
    uintx NonNMethodCodeHeapSize                   = 5839372                                {pd product} {ergonomic}
    uintx NonProfiledCodeHeapSize                  = 122909434                              {pd product} {ergonomic}
    uintx ProfiledCodeHeapSize                     = 122909434                              {pd product} {ergonomic}
    uintx ReservedCodeCacheSize                    = 251658240                              {pd product} {ergonomic}
     bool SegmentedCodeCache                       = true                                      {product} {ergonomic}
   size_t SoftMaxHeapSize                          = 2090860544                             {manageable} {ergonomic}
     bool UseCompressedClassPointers               = true                           {product lp64_product} {ergonomic}
     bool UseCompressedOops                        = true                           {product lp64_product} {ergonomic}
     bool UseG1GC                                  = true                                      {product} {ergonomic}
     bool UseLargePagesIndividualAllocation        = false                                  {pd product} {ergonomic}

Logging:
Log output configuration:
 #0: stdout all=warning uptime,level,tags
 #1: stderr all=off uptime,level,tags

Environment Variables:
PATH=C:\Windows\system32;C:\Windows;C:\Windows\System32\Wbem;C:\Windows\System32\WindowsPowerShell\v1.0\;C:\Windows\System32\OpenSSH\;C:\Program Files\dotnet\;C:\Program Files\nodejs\;C:\Program Files\Git\cmd;C:\Users\acer\AppData\Local\Microsoft\WindowsApps;C:\Users\acer\AppData\Local\Programs\Microsoft VS Code\bin;C:\Users\acer\AppData\Local\GitHubDesktop\bin;C:\Users\acer\AppData\Roaming\npm;C:\Users\acer\Desktop\IntelliJ IDEA 2026.1\bin
USERNAME=acer
OS=Windows_NT
PROCESSOR_IDENTIFIER=Intel64 Family 6 Model 140 Stepping 2, GenuineIntel
TMP=C:\Users\acer\AppData\Local\Temp
TEMP=C:\Users\acer\AppData\Local\Temp



Periodic native trim disabled


---------------  S Y S T E M  ---------------

OS:
 Windows 11 , 64 bit Build 22621 (10.0.22621.4391)
OS uptime: 19 days 6:01 hours
Hyper-V role detected

CPU: total 8 (initial active 8) (4 cores per cpu, 2 threads per core) family 6 model 140 stepping 2 microcode 0x28, cx8, cmov, fxsr, ht, mmx, 3dnowpref, sse, sse2, sse3, ssse3, sse4.1, sse4.2, popcnt, lzcnt, tsc, tscinvbit, avx, avx2, aes, erms, clmul, bmi1, bmi2, adx, avx512f, avx512dq, avx512cd, avx512bw, avx512vl, sha, fma, vzeroupper, avx512_vpopcntdq, avx512_vpclmulqdq, avx512_vaes, avx512_vnni, clflush, clflushopt, clwb, avx512_vbmi2, avx512_vbmi, hv
Processor Information for all 8 processors :
  Max Mhz: 2496, Current Mhz: 2496, Mhz Limit: 2496

Memory: 4k page, system-wide physical 7971M (2M free)
TotalPageFile size 32547M (AvailPageFile size 1M)
current process WorkingSet (physical memory assigned to process): 32M, peak: 41M
current process commit charge ("private bytes"): 231M, peak: 232M

vm_info: OpenJDK 64-Bit Server VM (17.0.18+8) for windows-amd64 JRE (17.0.18+8), built on Jan 20 2026 22:28:22 by "admin" with MS VC++ 17.12 (VS2022)

END.
